Microsoft (R) Macro Assembler (x64) Version 9.00.21022.08   08/06/09 23:31:21
alibd64.asm						     Page 1 - 1


				; ----------------------------- ALIBD64.ASM ---------------------------
				; DLL entry function for ALIBD64.DLL

 00000000			.code

 00000000			DllMain proc
 00000000  B8 00000001		        mov     eax, 1
 00000005  C3			        ret
 00000006			DllMain endp

				END
Microsoft (R) Macro Assembler (x64) Version 9.00.21022.08   08/06/09 23:31:21
alibd64.asm						     Symbols 2 - 1




Procedures, parameters, and locals:

                N a m e                 Type     Value    Attr

DllMain  . . . . . . . . . . . .	P 	 00000000 _TEXT	Length= 00000006 Public


Symbols:

                N a m e                 Type     Value    Attr

WINDOWS  . . . . . . . . . . . .	Text   	 

	   0 Warnings
	   0 Errors
