Microsoft (R) Macro Assembler (x64) Version 9.00.21022.08   08/06/09 23:31:20
instrset64.asm						     Page 1 - 1


				;                   instrset64.asm                      © Agner Fog 2007-06-14
				;
				; InstructionSet
				; ==============
				; This function returns an integer indicating which instruction set is
				; supported by the microprocessor and operating system. A program can
				; call this function to determine if a particular set of instructions can
				; be used.
				;
				; The method used here for detecting whether XMM instructions are enabled by
				; the operating system is different from the method recommended by Intel.
				; The method used here has the advantage that it is independent of the 
				; ability of the operating system to catch invalid opcode exceptions. The
				; method used here has been thoroughly tested on many different versions of
				; Intel and AMD microprocessors, and is believed to work reliably. For further
				; discussion of this method, see my manual "Optimizing subroutines in assembly
				; language", 2007. (www.agner.org/optimize/).
				; 
				; © 2003 - 2008 GNU General Public License www.gnu.org/licenses/gpl.html
				;
				;;;;;;;;;;;;;;;;;;;;;;;;;;;;;;;;;;;;;;;;;;;;;;;;;;;;;;;;;;;;;;;;;;;;;;;;;;;;;;;

 00000000			.data
 00000000 FFFFFFFF		IInstrSet  dd      -1           ; this public variable is valid after first call
				public IInstrSet


 00000000			.code

				; ********** InstructionSet function **********
				; C++ prototype:
				; extern "C" int InstructionSet (void);

				; return value:
				;  4 or above = SSE2 supported
				;  5 or above = SSE3 supported
				;  6 or above = Supplementary SSE3 supported
				;  8 or above = SSE4.1 supported
				; 10 or above = SSE4.2 supported


 00000000			InstructionSet PROC
				PUBLIC InstructionSet                  ; extern "C" name

				        ; Check if this function has been called before
 00000000  8B 05 00000000 R	        mov     eax, [IInstrSet]
 00000006  85 C0		        test    eax, eax
 00000008  78 01		        js      FirstTime              ; Negative means first time
				        ; Early return. Has been called before
 0000000A  C3			        ret                            ; Return value is in eax

 0000000B			FirstTime:
 0000000B  53			        push    rbx

 0000000C  B8 00000001		        mov     eax, 1
 00000011  0F A2		        cpuid                          ; get features into edx and ecx
				        
 00000013  B8 00000004		        mov     eax, 4                 ; at least SSE2 supported in 64 bit mode
 00000018  F7 C1 00000001	        test    ecx, 1                 ; SSE3 support by microprocessor
 0000001E  74 20		        jz      ISEND
 00000020  FF C0		        inc     eax                    ; 5
 00000022  0F BA E1 09		        bt      ecx, 9                 ; Suppl-SSE3 support by microprocessor
 00000026  73 18		        jnc     ISEND
 00000028  FF C0		        inc     eax                    ; 6
 0000002A  0F BA E1 13		        bt      ecx, 19                ; SSE4.1 support by microprocessor
 0000002E  73 10		        jnc     ISEND
 00000030  B8 00000008		        mov     eax, 8                 ; 8
 00000035  0F BA E1 14		        bt      ecx, 20                ; SSE4.2 support by microprocessor
 00000039  73 05		        jnc     ISEND
 0000003B  B8 0000000A		        mov     eax, 10                ; 10
				       
 00000040  89 05 00000000 R	ISEND:  mov     [IInstrSet], eax        ; save value in public variable

 00000046  5B			        pop     rbx
 00000047  C3			        ret                            ; return value is in eax

 00000048			InstructionSet ENDP

				END
Microsoft (R) Macro Assembler (x64) Version 9.00.21022.08   08/06/09 23:31:20
instrset64.asm						     Symbols 2 - 1




Procedures, parameters, and locals:

                N a m e                 Type     Value    Attr

InstructionSet . . . . . . . . .	P 	 00000000 _TEXT	Length= 00000048 Public
  FirstTime  . . . . . . . . . .	L 	 0000000B _TEXT	
  ISEND  . . . . . . . . . . . .	L 	 00000040 _TEXT	


Symbols:

                N a m e                 Type     Value    Attr

IInstrSet  . . . . . . . . . . .	DWord	 00000000 _DATA	Public
UNIX . . . . . . . . . . . . . .	Text   	 

	   0 Warnings
	   0 Errors
