Microsoft (R) Macro Assembler (x64) Version 9.00.21022.08   08/06/09 23:31:20
round64.asm						     Page 1 - 1


				;          ROUND64.ASM                                          Agner Fog 2007

				; © 2007 GNU General Public License www.gnu.org/licenses/gpl.html


 00000000			.code

				; ********** round function **********
				; C++ prototype:
				; extern "C" int RoundD (double x);
				; extern "C" int RoundF (float  x);

				; This function converts a single or double precision floating point number 
				; to an integer, rounding to nearest or even. Does not check for overflow.
				; This function is much faster than the default conversion method in C++
				; which uses truncation.

 00000000			RoundD PROC
 00000000  F2/ 0F 2D C0		        cvtsd2si eax, xmm0             ; Round xmm0 to eax
 00000004  C3			        ret
 00000005			RoundD  ENDP

 00000005			RoundF PROC
 00000005  F3/ 0F 2D C0		        cvtss2si eax, xmm0             ; Round xmm0 to eax
 00000009  C3			        ret
 0000000A			RoundF ENDP

				END
Microsoft (R) Macro Assembler (x64) Version 9.00.21022.08   08/06/09 23:31:20
round64.asm						     Symbols 2 - 1




Procedures, parameters, and locals:

                N a m e                 Type     Value    Attr

RoundD . . . . . . . . . . . . .	P 	 00000000 _TEXT	Length= 00000005 Public
RoundF . . . . . . . . . . . . .	P 	 00000005 _TEXT	Length= 00000005 Public


Symbols:

                N a m e                 Type     Value    Attr

UNIX . . . . . . . . . . . . . .	Text   	 

	   0 Warnings
	   0 Errors
